============================= test session starts ==============================
platform darwin -- Python 3.11.1, pytest-7.2.1, pluggy-1.0.0
rootdir: /Users/urvashikar/Documents/GitHub/hw
plugins: cov-4.0.0
collected 19 items

tests/test_around.py Not required for HW4
.
tests/test_clone.py Not required for HW4
.
tests/test_cluster.py Not required for HW4
.
tests/test_copy.py b4 {'a': 1, 'b': {'c': 2, 'd': [3]}} 
after {'a': 1, 'b': {'c': 2, 'd': [10000]}}
.
tests/test_csv.py Not required for HW4
.
tests/test_data.py Not required for HW4
.
tests/test_every.py 
 70
|.. 58
|..|.. 27
|..|..|.. Snapchat
|..|..|.. Twitter
|..|.. 62
|..|..|.. Pinterest
|..|..|.. 48
|..|..|..|.. WhatsApp
|..|..|..|.. Tiktok
|.. 55
|..|.. 37
|..|..|.. YouTube
|..|..|.. Instagram
|..|.. 53
|..|..|.. LinkedIn
|..|..|.. 44
|..|..|..|.. WeChat
|..|..|..|.. Facebook
 64
|.. 62
|..|.. LowEngagement:HighEngagement
|..|.. 75
|..|..|.. DifficultyInContentSharing:EaseInContentSharing
|..|..|.. LessTimeSpent:MoreTimeSpent
|.. 51
|..|.. LessSecure:MoreSecure
|..|.. 48
|..|..|.. IrrelevantContent:RelevantContent
|..|..|.. BasicUI:InteractiveUI

A WeChat
B WhatsApp
C YouTube
D Pinterest
E LinkedIn
F Snapchat
G Tiktok
H Twitter
I Instagram
J Facebook

                                         
  F                         C            
                                         
                                         
          G                              
                                         
            H       I                    
        B           D                    
                        J                
                    A                    
                                         
.
tests/test_half.py Not required for HW4
.
tests/test_num.py .
tests/test_optimize.py Not required for HW4
.
tests/test_position.py 
A WeChat
B WhatsApp
C YouTube
D Pinterest
E LinkedIn
F Snapchat
G Tiktok
H Twitter
I Instagram
J Facebook

                                         
  F                         C            
                                         
                                         
          G                              
                                         
            H       I                    
        B           D                    
                        J                
                    A                    
                                         
.
tests/test_prototypes.py  70
|.. 58
|..|.. 27
|..|..|.. Snapchat
|..|..|.. Twitter
|..|.. 62
|..|..|.. Pinterest
|..|..|.. 48
|..|..|..|.. WhatsApp
|..|..|..|.. Tiktok
|.. 55
|..|.. 37
|..|..|.. YouTube
|..|..|.. Instagram
|..|.. 53
|..|..|.. LinkedIn
|..|..|.. 44
|..|..|..|.. WeChat
|..|..|..|.. Facebook
.
tests/test_rand.py Not required for HW4
.
tests/test_repcols.py {'n': 6, 'mu': 2.6666666666666665, 'm2': 13.333333333333332, 'lo': 1, 'hi': 5, 'at': 0, 'txt': 'Num0', 'w': 1}
{'n': 6, 'mu': 3.6666666666666665, 'm2': 11.333333333333332, 'lo': 2, 'hi': 5, 'at': 1, 'txt': 'Num1', 'w': 1}
{'n': 6, 'mu': 2.3333333333333335, 'm2': 13.333333333333332, 'lo': 1, 'hi': 5, 'at': 2, 'txt': 'Num2', 'w': 1}
{'n': 6, 'mu': 2.833333333333333, 'm2': 12.833333333333334, 'lo': 1, 'hi': 5, 'at': 3, 'txt': 'Num3', 'w': 1}
{'n': 6, 'mu': 1.5, 'm2': 3.5, 'lo': 1, 'hi': 3, 'at': 4, 'txt': 'Num4', 'w': 1}
{'n': 6, 'mu': 4.166666666666667, 'm2': 2.833333333333333, 'lo': 3, 'hi': 5, 'at': 5, 'txt': 'Num5', 'w': 1}
{'n': 6, 'mu': 3.3333333333333335, 'm2': 3.333333333333333, 'lo': 2, 'hi': 4, 'at': 6, 'txt': 'Num6', 'w': 1}
{'n': 6, 'mu': 4.333333333333334, 'm2': 13.333333333333334, 'lo': 1, 'hi': 5, 'at': 7, 'txt': 'Num7', 'w': 1}
{'n': 6, 'mu': 3.5, 'm2': 15.499999999999998, 'lo': 1, 'hi': 5, 'at': 8, 'txt': 'Num8', 'w': 1}
{'n': 6, 'mu': 2.1666666666666665, 'm2': 12.833333333333334, 'lo': 1, 'hi': 5, 'at': 9, 'txt': 'Num9', 'w': 1}
{'n': 0, 'has': {}, 'most': 0, 'mode': None, 'at': 10, 'txt': 'thingX'}
{'cells': [1, 5, 3, 1, 1, 4, 2, 5, 5, 1, 'LessTimeSpent:MoreTimeSpent'], 'x': None, 'y': None}
{'cells': [2, 5, 1, 1, 1, 5, 4, 5, 3, 1, 'IrrelevantContent:RelevantContent'], 'x': None, 'y': None}
{'cells': [4, 2, 5, 4, 1, 3, 4, 1, 5, 5, 'DifficultyInContentSharing:EaseInContentSharing'], 'x': None, 'y': None}
{'cells': [3, 5, 3, 5, 1, 4, 3, 5, 5, 1, 'LowEngagement:HighEngagement'], 'x': None, 'y': None}
{'cells': [5, 3, 1, 3, 2, 4, 3, 5, 1, 2, 'BasicUI:InteractiveUI'], 'x': None, 'y': None}
{'cells': [1, 2, 1, 3, 3, 5, 4, 5, 2, 3, 'LessSecure:MoreSecure'], 'x': None, 'y': None}
.
tests/test_reprows.py {'n': 10, 'mu': 2.8, 'm2': 29.6, 'lo': 1, 'hi': 5, 'at': 0, 'txt': 'LessTimeSpent:MoreTimeSpent', 'w': 1}
{'n': 10, 'mu': 2.8, 'm2': 29.6, 'lo': 1, 'hi': 5, 'at': 1, 'txt': 'IrrelevantContent:RelevantContent', 'w': 1}
{'n': 10, 'mu': 3.4000000000000004, 'm2': 22.399999999999995, 'lo': 1, 'hi': 5, 'at': 2, 'txt': 'DifficultyInContentSharing:EaseInContentSharing', 'w': 1}
{'n': 10, 'mu': 3.5, 'm2': 22.5, 'lo': 1, 'hi': 5, 'at': 3, 'txt': 'LowEngagement:HighEngagement', 'w': 1}
{'n': 10, 'mu': 2.9, 'm2': 18.9, 'lo': 1, 'hi': 5, 'at': 4, 'txt': 'BasicUI:InteractiveUI', 'w': 1}
{'n': 10, 'mu': 2.9, 'm2': 18.900000000000002, 'lo': 1, 'hi': 5, 'at': 5, 'txt': 'LessSecure:MoreSecure', 'w': 1}
{'n': 0, 'has': {}, 'most': 0, 'mode': None, 'at': 6, 'txt': 'thingX'}
{'cells': [1, 2, 4, 3, 5, 1, 'WeChat'], 'x': None, 'y': None}
{'cells': [5, 5, 2, 5, 3, 2, 'WhatsApp'], 'x': None, 'y': None}
{'cells': [3, 1, 5, 3, 1, 1, 'YouTube'], 'x': None, 'y': None}
{'cells': [1, 1, 4, 5, 3, 3, 'Pinterest'], 'x': None, 'y': None}
{'cells': [1, 1, 1, 1, 2, 3, 'LinkedIn'], 'x': None, 'y': None}
{'cells': [4, 5, 3, 4, 4, 5, 'Snapchat'], 'x': None, 'y': None}
{'cells': [2, 4, 4, 3, 3, 4, 'Tiktok'], 'x': None, 'y': None}
{'cells': [5, 5, 1, 5, 5, 5, 'Twitter'], 'x': None, 'y': None}
{'cells': [5, 3, 5, 5, 1, 2, 'Instagram'], 'x': None, 'y': None}
{'cells': [1, 1, 5, 1, 2, 3, 'Facebook'], 'x': None, 'y': None}
.
tests/test_stats.py Not required for HW4
.
tests/test_sym.py .
tests/test_synonyms.py  64
|.. 62
|..|.. LowEngagement:HighEngagement
|..|.. 75
|..|..|.. DifficultyInContentSharing:EaseInContentSharing
|..|..|.. LessTimeSpent:MoreTimeSpent
|.. 51
|..|.. LessSecure:MoreSecure
|..|.. 48
|..|..|.. IrrelevantContent:RelevantContent
|..|..|.. BasicUI:InteractiveUI
.
tests/test_the.py .

============================== 19 passed in 0.04s ==============================
