Path provided: tests
Files to ignore: ['__pycache__']
Test files: tests/test_repcols.py
{'n': 8, 'mu': 3.75, 'm2': 5.499999999999999, 'lo': 3, 'hi': 5, 'at': 0, 'txt': 'Num0', 'w': 1}
{'n': 8, 'mu': 3.875, 'm2': 10.875, 'lo': 2, 'hi': 5, 'at': 1, 'txt': 'Num1', 'w': 1}
{'n': 8, 'mu': 3.375, 'm2': 11.875, 'lo': 1, 'hi': 5, 'at': 2, 'txt': 'Num2', 'w': 1}
{'n': 8, 'mu': 3.75, 'm2': 5.500000000000001, 'lo': 3, 'hi': 5, 'at': 3, 'txt': 'Num3', 'w': 1}
{'n': 8, 'mu': 4.0, 'm2': 4.0, 'lo': 3, 'hi': 5, 'at': 4, 'txt': 'Num4', 'w': 1}
{'n': 8, 'mu': 2.75, 'm2': 5.499999999999999, 'lo': 1, 'hi': 4, 'at': 5, 'txt': 'Num5', 'w': 1}
{'n': 8, 'mu': 2.375, 'm2': 7.875, 'lo': 1, 'hi': 4, 'at': 6, 'txt': 'Num6', 'w': 1}
{'n': 8, 'mu': 1.75, 'm2': 5.5, 'lo': 1, 'hi': 3, 'at': 7, 'txt': 'Num7', 'w': 1}
{'n': 8, 'mu': 2.875, 'm2': 16.875, 'lo': 1, 'hi': 5, 'at': 8, 'txt': 'Num8', 'w': 1}
{'n': 8, 'mu': 2.2500000000000004, 'm2': 7.5, 'lo': 1, 'hi': 4, 'at': 9, 'txt': 'Num9', 'w': 1}
{'n': 0, 'has': {}, 'most': 0, 'mode': None, 'at': 10, 'txt': 'thingX'}
{'cells': [5, 5, 5, 5, 5, 4, 4, 2, 3, 2, 'HighPrivacyConcern:LowPrivacyConcern'], 'x': None, 'y': None}
{'cells': [5, 5, 4, 3, 3, 2, 2, 1, 1, 1, 'HighCyberBullying:LowCyberBullying'], 'x': None, 'y': None}
{'cells': [3, 4, 1, 4, 5, 1, 1, 1, 3, 1, 'MoreStoryFilters:LessStoryFilters'], 'x': None, 'y': None}
{'cells': [3, 2, 4, 5, 3, 3, 3, 3, 1, 4, 'MoreSearchFriendly:LessSearchFriendly'], 'x': None, 'y': None}
{'cells': [4, 5, 4, 4, 4, 3, 2, 2, 2, 3, 'HighMentalHealthConcern:LowMentalHealthConcern'], 'x': None, 'y': None}
{'cells': [4, 4, 3, 3, 4, 3, 1, 1, 5, 2, 'HighChatFeatures:LessChatFeatures'], 'x': None, 'y': None}
{'cells': [3, 2, 2, 3, 4, 3, 3, 1, 3, 2, 'HighFakeNews:LessFakeNews'], 'x': None, 'y': None}
{'cells': [3, 4, 4, 3, 4, 3, 3, 3, 5, 3, 'UiIsIntuitive:UiIsNotIntuitive'], 'x': None, 'y': None}
Running test test_repcols - success
Test files: tests/test_num.py
Running test test_num - success
Test files: tests/test_synonyms.py
 50
|.. 48
|..|.. 39
|..|..|.. HighMentalHealthConcern:LowMentalHealthConcern
|..|..|.. HighPrivacyConcern:LowPrivacyConcern
|..|.. 53
|..|..|.. MoreSearchFriendly:LessSearchFriendly
|..|..|.. UiIsIntuitive:UiIsNotIntuitive
|.. 58
|..|.. 45
|..|..|.. MoreStoryFilters:LessStoryFilters
|..|..|.. HighFakeNews:LessFakeNews
|..|.. 45
|..|..|.. HighCyberBullying:LowCyberBullying
|..|..|.. HighChatFeatures:LessChatFeatures
Running test test_synonyms - success
Test files: tests/test_stats.py
Not required for HW4
Running test test_stats - success
Test files: tests/test_reprows.py
{'n': 10, 'mu': 4.0, 'm2': 14.0, 'lo': 2, 'hi': 5, 'at': 0, 'txt': 'HighPrivacyConcern:LowPrivacyConcern', 'w': 1}
{'n': 10, 'mu': 2.7, 'm2': 22.1, 'lo': 1, 'hi': 5, 'at': 1, 'txt': 'HighCyberBullying:LowCyberBullying', 'w': 1}
{'n': 10, 'mu': 2.4, 'm2': 22.400000000000002, 'lo': 1, 'hi': 5, 'at': 2, 'txt': 'MoreStoryFilters:LessStoryFilters', 'w': 1}
{'n': 10, 'mu': 3.1, 'm2': 10.9, 'lo': 1, 'hi': 5, 'at': 3, 'txt': 'MoreSearchFriendly:LessSearchFriendly', 'w': 1}
{'n': 10, 'mu': 3.3000000000000003, 'm2': 10.1, 'lo': 2, 'hi': 5, 'at': 4, 'txt': 'HighMentalHealthConcern:LowMentalHealthConcern', 'w': 1}
{'n': 10, 'mu': 3.0, 'm2': 16.0, 'lo': 1, 'hi': 5, 'at': 5, 'txt': 'HighChatFeatures:LessChatFeatures', 'w': 1}
{'n': 10, 'mu': 2.5999999999999996, 'm2': 6.399999999999998, 'lo': 1, 'hi': 4, 'at': 6, 'txt': 'HighFakeNews:LessFakeNews', 'w': 1}
{'n': 10, 'mu': 3.5, 'm2': 4.5, 'lo': 3, 'hi': 5, 'at': 7, 'txt': 'UiIsIntuitive:UiIsNotIntuitive', 'w': 1}
{'n': 0, 'has': {}, 'most': 0, 'mode': None, 'at': 8, 'txt': 'thingX'}
{'cells': [5, 5, 3, 3, 4, 4, 3, 3, 'Reddit'], 'x': None, 'y': None}
{'cells': [5, 5, 4, 2, 5, 4, 2, 4, 'Whatsapp'], 'x': None, 'y': None}
{'cells': [5, 4, 1, 4, 4, 3, 2, 4, 'Youtube'], 'x': None, 'y': None}
{'cells': [5, 3, 4, 5, 4, 3, 3, 3, 'Pinterest'], 'x': None, 'y': None}
{'cells': [5, 3, 5, 3, 4, 4, 4, 4, 'LinkedIn'], 'x': None, 'y': None}
{'cells': [4, 2, 1, 3, 3, 3, 3, 3, 'Snapchat'], 'x': None, 'y': None}
{'cells': [4, 2, 1, 3, 2, 1, 3, 3, 'Tiktok'], 'x': None, 'y': None}
{'cells': [2, 1, 1, 3, 2, 1, 1, 3, 'Twitter'], 'x': None, 'y': None}
{'cells': [3, 1, 3, 1, 2, 5, 3, 5, 'Instagram'], 'x': None, 'y': None}
{'cells': [2, 1, 1, 4, 3, 2, 2, 3, 'Facebook'], 'x': None, 'y': None}
Running test test_reprows - success
Test files: tests/test_half.py
Not required for HW4
Running test test_half - success
Test files: tests/test_optimize.py
Not required for HW4
Running test test_optimize - success
Test files: tests/test_copy.py
b4 {'a': 1, 'b': {'c': 2, 'd': [3]}}
after {'a': 1, 'b': {'c': 2, 'd': [10000]}}
Running test test_copy - success
Test files: tests/__init__.py
Test files: tests/test_clone.py
Not required for HW4
Running test test_clone - success
Test files: tests/test_sym.py
Running test test_sym - success
Test files: tests/test_prototypes.py
 52
|.. 50
|..|.. 21
|..|..|.. Snapchat
|..|..|.. Tiktok
|..|.. 62
|..|..|.. Instagram
|..|..|.. 21
|..|..|..|.. Twitter
|..|..|..|.. Facebook
|.. 41
|..|.. 27
|..|..|.. Whatsapp
|..|..|.. Reddit
|..|.. 36
|..|..|.. Pinterest
|..|..|.. 45
|..|..|..|.. Youtube
|..|..|..|.. LinkedIn
Running test test_prototypes - success
Test files: tests/test_the.py
Running test test_the - success
Test files: tests/test_rand.py
Not required for HW4
Running test test_rand - success
Test files: tests/test_cluster.py
Not required for HW4
Running test test_cluster - success
Test files: tests/test_data.py
Not required for HW4
Running test test_data - success
Test files: tests/test_position.py

A Reddit
B Whatsapp
C Youtube
D Pinterest
E LinkedIn
F Snapchat
G Tiktok
H Twitter
I Instagram
J Facebook


  F                   B


              A
          G
          D     E
  J

  H
Running test test_position - success
Test files: tests/test_csv.py
Not required for HW4
Running test test_csv - success
Test files: tests/test_around.py
Not required for HW4
Running test test_around - success
Test files: tests/test_every.py

 52
|.. 50
|..|.. 21
|..|..|.. Snapchat
|..|..|.. Tiktok
|..|.. 62
|..|..|.. Instagram
|..|..|.. 21
|..|..|..|.. Twitter
|..|..|..|.. Facebook
|.. 41
|..|.. 27
|..|..|.. Whatsapp
|..|..|.. Reddit
|..|.. 36
|..|..|.. Pinterest
|..|..|.. 45
|..|..|..|.. Youtube
|..|..|..|.. LinkedIn
 50
|.. 48
|..|.. 39
|..|..|.. HighMentalHealthConcern:LowMentalHealthConcern
|..|..|.. HighPrivacyConcern:LowPrivacyConcern
|..|.. 53
|..|..|.. MoreSearchFriendly:LessSearchFriendly
|..|..|.. UiIsIntuitive:UiIsNotIntuitive
|.. 58
|..|.. 45
|..|..|.. MoreStoryFilters:LessStoryFilters
|..|..|.. HighFakeNews:LessFakeNews
|..|.. 45
|..|..|.. HighCyberBullying:LowCyberBullying
|..|..|.. HighChatFeatures:LessChatFeatures

A Reddit
B Whatsapp
C Youtube
D Pinterest
E LinkedIn
F Snapchat
G Tiktok
H Twitter
I Instagram
J Facebook


  F                   B


              A
          G
          D     E
  J

  H
Running test test_every - success
Tests succeeded ✅
